Removed Pin From Net: NetName=SCAN_CLK Pin=H9-2
Removed Pin From Net: NetName=RESET Pin=H9-8
Removed Pin From Net: NetName=SCAN_OUT Pin=H9-12
Removed Pin From Net: NetName=RESET Pin=U3-7
Removed Pin From Net: NetName=SCAN_CLK Pin=U3-8
Removed Pin From Net: NetName=SCAN_OUT Pin=U5-2
Added Component: Designator=SMA20(THRU_SMD_SMA)
Add component. Clean all parameters for all variants
Add component (AddParameter): Name = "Digikey ID"; Value = "ACX1962-ND"; VariantName = "[No Variations]"
Add component (AddParameter): Name = "Manufacturer"; Value = "Amphenol"; VariantName = "[No Variations]"
Add component (AddParameter): Name = "Manufacturer ID"; Value = "132134-15"; VariantName = "[No Variations]"
Added Component: Designator=SMA21(THRU_SMD_SMA)
Add component. Clean all parameters for all variants
Add component (AddParameter): Name = "Digikey ID"; Value = "ACX1962-ND"; VariantName = "[No Variations]"
Add component (AddParameter): Name = "Manufacturer"; Value = "Amphenol"; VariantName = "[No Variations]"
Add component (AddParameter): Name = "Manufacturer ID"; Value = "132134-15"; VariantName = "[No Variations]"
Added Component: Designator=SMA22(THRU_SMD_SMA)
Add component. Clean all parameters for all variants
Add component (AddParameter): Name = "Digikey ID"; Value = "ACX1962-ND"; VariantName = "[No Variations]"
Add component (AddParameter): Name = "Manufacturer"; Value = "Amphenol"; VariantName = "[No Variations]"
Add component (AddParameter): Name = "Manufacturer ID"; Value = "132134-15"; VariantName = "[No Variations]"
Added Component: Designator=SMA23(THRU_SMD_SMA)
Add component. Clean all parameters for all variants
Add component (AddParameter): Name = "Digikey ID"; Value = "ACX1962-ND"; VariantName = "[No Variations]"
Add component (AddParameter): Name = "Manufacturer"; Value = "Amphenol"; VariantName = "[No Variations]"
Add component (AddParameter): Name = "Manufacturer ID"; Value = "132134-15"; VariantName = "[No Variations]"
Added Pin To Net: NetName=NetC15_1 Pin=BL2-2
Added Pin To Net: NetName=SCAN_CLK Pin=H9-12
Added Pin To Net: NetName=LINK_CM_RX_1_P Pin=SMA20-1
Added Pin To Net: NetName=VSS Pin=SMA20-2
Added Pin To Net: NetName=VSS Pin=SMA20-3
Added Pin To Net: NetName=VSS Pin=SMA20-4
Added Pin To Net: NetName=VSS Pin=SMA20-5
Added Pin To Net: NetName=LINK_CM_RX_1_N Pin=SMA21-1
Added Pin To Net: NetName=VSS Pin=SMA21-2
Added Pin To Net: NetName=VSS Pin=SMA21-3
Added Pin To Net: NetName=VSS Pin=SMA21-4
Added Pin To Net: NetName=VSS Pin=SMA21-5
Added Pin To Net: NetName=LINK_CM_TX_1_P Pin=SMA22-1
Added Pin To Net: NetName=VSS Pin=SMA22-2
Added Pin To Net: NetName=VSS Pin=SMA22-3
Added Pin To Net: NetName=VSS Pin=SMA22-4
Added Pin To Net: NetName=VSS Pin=SMA22-5
Added Pin To Net: NetName=LINK_CM_TX_1_N Pin=SMA23-1
Added Pin To Net: NetName=VSS Pin=SMA23-2
Added Pin To Net: NetName=VSS Pin=SMA23-3
Added Pin To Net: NetName=VSS Pin=SMA23-4
Added Pin To Net: NetName=VSS Pin=SMA23-5
Added Pin To Net: NetName=SCAN_CLK Pin=U5-2
Change Net Name : Old Net Name=NetC15_1 New Net Name=CLK_DIG_OVERRIDE_VCM
Added Pin To Net: NetName=RESET_CHIP Pin=H9-8
Added Pin To Net: NetName=RESET_CHIP Pin=U3-7
Added Net: Name=RESET_CHIP
Added Pin To Net: NetName=SCAN_CLK_CHIP Pin=H9-2
Added Pin To Net: NetName=SCAN_CLK_CHIP Pin=U2-A4
Added Pin To Net: NetName=SCAN_CLK_CHIP Pin=U3-8
Added Net: Name=SCAN_CLK_CHIP
Added Pin To Net: NetName=SCAN_EN_CHIP Pin=H9-4
Added Pin To Net: NetName=SCAN_EN_CHIP Pin=U2-A3
Added Pin To Net: NetName=SCAN_EN_CHIP Pin=U3-9
Added Net: Name=SCAN_EN_CHIP
Added Pin To Net: NetName=SCAN_IN_CHIP Pin=H9-6
Added Pin To Net: NetName=SCAN_IN_CHIP Pin=U3-10
Added Net: Name=SCAN_IN_CHIP
Added Differential Pair: Name=LINK_CM_RX_1
Added Differential Pair: Name=LINK_CM_TX_1
Added Member To Class: ClassName=U_SMA_RF_CLK Member=Component SMA20 SMA high freq
Added Member To Class: ClassName=U_SMA_RF_CLK Member=Component SMA21 SMA high freq
Added Member To Class: ClassName=U_SMA_RF_CLK Member=Component SMA22 SMA high freq
Added Member To Class: ClassName=U_SMA_RF_CLK Member=Component SMA23 SMA high freq
