Added Component: Designator=SMA26(THRU_SMD_SMA)
Add component. Clean all parameters for all variants
Add component (AddParameter): Name = "Digikey ID"; Value = "ACX1962-ND"; VariantName = "[No Variations]"
Add component (AddParameter): Name = "Manufacturer"; Value = "Amphenol"; VariantName = "[No Variations]"
Add component (AddParameter): Name = "Manufacturer ID"; Value = "132134-15"; VariantName = "[No Variations]"
Added Component: Designator=SMA27(THRU_SMD_SMA)
Add component. Clean all parameters for all variants
Add component (AddParameter): Name = "Digikey ID"; Value = "ACX1962-ND"; VariantName = "[No Variations]"
Add component (AddParameter): Name = "Manufacturer"; Value = "Amphenol"; VariantName = "[No Variations]"
Add component (AddParameter): Name = "Manufacturer ID"; Value = "132134-15"; VariantName = "[No Variations]"
Added Pin To Net: NetName=VSS Pin=R44-2
Added Pin To Net: NetName=VSS Pin=SMA14-2
Added Pin To Net: NetName=VSS Pin=SMA14-3
Added Pin To Net: NetName=VSS Pin=SMA14-4
Added Pin To Net: NetName=VSS Pin=SMA14-5
Added Pin To Net: NetName=VSS Pin=SMA15-2
Added Pin To Net: NetName=VSS Pin=SMA15-3
Added Pin To Net: NetName=VSS Pin=SMA15-4
Added Pin To Net: NetName=VSS Pin=SMA15-5
Added Pin To Net: NetName=VSS Pin=SMA16-2
Added Pin To Net: NetName=VSS Pin=SMA16-3
Added Pin To Net: NetName=VSS Pin=SMA16-4
Added Pin To Net: NetName=VSS Pin=SMA16-5
Added Pin To Net: NetName=VSS Pin=SMA24-1
Added Pin To Net: NetName=VSS Pin=SMA24-2
Added Pin To Net: NetName=VSS Pin=SMA24-3
Added Pin To Net: NetName=VSS Pin=SMA24-4
Added Pin To Net: NetName=VSS Pin=SMA24-5
Added Pin To Net: NetName=VSS Pin=SMA25-2
Added Pin To Net: NetName=VSS Pin=SMA25-3
Added Pin To Net: NetName=VSS Pin=SMA25-4
Added Pin To Net: NetName=VSS Pin=SMA25-5
Added Pin To Net: NetName=VSS Pin=SMA26-2
Added Pin To Net: NetName=VSS Pin=SMA26-3
Added Pin To Net: NetName=VSS Pin=SMA26-4
Added Pin To Net: NetName=VSS Pin=SMA26-5
Added Pin To Net: NetName=VSS Pin=SMA27-2
Added Pin To Net: NetName=VSS Pin=SMA27-3
Added Pin To Net: NetName=VSS Pin=SMA27-4
Added Pin To Net: NetName=VSS Pin=SMA27-5
Added Pin To Net: NetName=NetR44_1 Pin=R44-1
Added Pin To Net: NetName=NetR44_1 Pin=SMA25-1
Added Net: Name=NetR44_1
Added Pin To Net: NetName=NetSMA14_1 Pin=SMA14-1
Added Pin To Net: NetName=NetSMA14_1 Pin=SMA15-1
Added Net: Name=NetSMA14_1
Added Pin To Net: NetName=NetSMA26_1 Pin=SMA26-1
Added Pin To Net: NetName=NetSMA26_1 Pin=SMA27-1
Added Net: Name=NetSMA26_1
Added Class: Name=U_De_Embed
Added Member To Class: ClassName=U_SMA_RF_CLK Member=Component SMA4 SMA high freq
