Added Component: Designator=SMA17(THRU_SMD_SMA)
Add component. Clean all parameters for all variants
Add component (AddParameter): Name = "Digikey ID"; Value = "ACX1962-ND"; VariantName = "[No Variations]"
Add component (AddParameter): Name = "Manufacturer"; Value = "Amphenol"; VariantName = "[No Variations]"
Add component (AddParameter): Name = "Manufacturer ID"; Value = "132134-15"; VariantName = "[No Variations]"
Added Component: Designator=SMA18(THRU_SMD_SMA)
Add component. Clean all parameters for all variants
Add component (AddParameter): Name = "Digikey ID"; Value = "ACX1962-ND"; VariantName = "[No Variations]"
Add component (AddParameter): Name = "Manufacturer"; Value = "Amphenol"; VariantName = "[No Variations]"
Add component (AddParameter): Name = "Manufacturer ID"; Value = "132134-15"; VariantName = "[No Variations]"
Added Pin To Net: NetName=ANT_2_P Pin=SMA17-1
Added Pin To Net: NetName=VSS Pin=SMA17-2
Added Pin To Net: NetName=VSS Pin=SMA17-3
Added Pin To Net: NetName=VSS Pin=SMA17-4
Added Pin To Net: NetName=VSS Pin=SMA17-5
Added Pin To Net: NetName=ANT_2_N Pin=SMA18-1
Added Pin To Net: NetName=VSS Pin=SMA18-2
Added Pin To Net: NetName=VSS Pin=SMA18-3
Added Pin To Net: NetName=VSS Pin=SMA18-4
Added Pin To Net: NetName=VSS Pin=SMA18-5
Added Member To Class: ClassName=U_Supplies_LDO Member=Component FB5 Ferrite Bead
Added Member To Class: ClassName=U_BB_analog Member=Component SMA7 SMA low freq
Added Member To Class: ClassName=U_BB_analog Member=Component SMA8 SMA low freq
Added Member To Class: ClassName=U_SMA_RF_CLK Member=Component SMA17 SMA high freq
Added Member To Class: ClassName=U_SMA_RF_CLK Member=Component SMA18 SMA high freq
