Removed Pin From Net: NetName=VDD_SCAN_FPGA Pin=R11-1
Removed Pin From Net: NetName=VDD_SCAN_FPGA Pin=R12-1
Removed Pin From Net: NetName=VDD_FPGA_3P3V Pin=R13-1
Removed Pin From Net: NetName=VDD_FPGA_3P3V Pin=R14-1
Removed Pin From Net: NetName=VSS Pin=U4-6
Removed Pin From Net: NetName=RESET Pin=U4-7
Removed Pin From Net: NetName=SCAN_CLK Pin=U4-8
Removed Pin From Net: NetName=SCAN_EN Pin=U4-9
Removed Pin From Net: NetName=SCAN_IN Pin=U4-10
Removed Pin From Net: NetName=VDD_IO Pin=U4-11
Removed Pin From Net: NetName=VSS Pin=U4-12
Removed Pin From Net: NetName=VSS Pin=U7-6
Removed Pin From Net: NetName=scan_out_FPGA Pin=U7-10
Removed Pin From Net: NetName=VDD_SCAN_FPGA Pin=U7-11
Removed Pin From Net: NetName=VSS Pin=U7-12
Added Pin To Net: NetName=NetR11_1 Pin=R11-1
Added Pin To Net: NetName=NetR11_1 Pin=R12-1
Added Pin To Net: NetName=NetR13_1 Pin=R13-1
Added Pin To Net: NetName=NetR13_1 Pin=R14-1
Added Pin To Net: NetName=VSS Pin=U4-7
Added Pin To Net: NetName=RESET Pin=U4-8
Added Pin To Net: NetName=SCAN_CLK Pin=U4-10
Added Pin To Net: NetName=SCAN_EN Pin=U4-11
Added Pin To Net: NetName=SCAN_IN Pin=U4-12
Added Pin To Net: NetName=VDD_IO Pin=U4-13
Added Pin To Net: NetName=VSS Pin=U4-14
Added Pin To Net: NetName=VSS Pin=U7-7
Added Pin To Net: NetName=scan_out_FPGA Pin=U7-12
Added Pin To Net: NetName=VDD_SCAN_FPGA Pin=U7-13
Added Pin To Net: NetName=VSS Pin=U7-14
