Added Component: Designator=U2(FADER2)
Add component. Clean all parameters for all variants
Added Pin To Net: NetName=VSS Pin=U2-A2
Added Pin To Net: NetName=SCAN_IN Pin=U2-A3
Added Pin To Net: NetName=SCAN_EN Pin=U2-A4
Added Pin To Net: NetName=SCAN_CLK Pin=U2-A5
Added Pin To Net: NetName=SCAN_OUT Pin=U2-A6
Added Pin To Net: NetName=VSS Pin=U2-A7
Added Pin To Net: NetName=VSS Pin=U2-A10
Added Pin To Net: NetName=VSS Pin=U2-A13
Added Pin To Net: NetName=LINK_CM_RX_1_P Pin=U2-A14
Added Pin To Net: NetName=LINK_CM_RX_1_N Pin=U2-A15
Added Pin To Net: NetName=VSS Pin=U2-A16
Added Pin To Net: NetName=LINK_CM_TX_1_P Pin=U2-A17
Added Pin To Net: NetName=LINK_CM_TX_1_N Pin=U2-A18
Added Pin To Net: NetName=VSS Pin=U2-A19
Added Pin To Net: NetName=VSS Pin=U2-A22
Added Pin To Net: NetName=VSS Pin=U2-A25
Added Pin To Net: NetName=VSS Pin=U2-AA1
Added Pin To Net: NetName=VSS Pin=U2-AA2
Added Pin To Net: NetName=VSS Pin=U2-AA3
Added Pin To Net: NetName=VSS Pin=U2-AA4
Added Pin To Net: NetName=VSS Pin=U2-AA5
Added Pin To Net: NetName=VSS Pin=U2-AA6
Added Pin To Net: NetName=VSS Pin=U2-AA7
Added Pin To Net: NetName=VSS Pin=U2-AA8
Added Pin To Net: NetName=VSS Pin=U2-AA9
Added Pin To Net: NetName=VSS Pin=U2-AA10
Added Pin To Net: NetName=VSS Pin=U2-AA11
Added Pin To Net: NetName=DVDD Pin=U2-AA12
Added Pin To Net: NetName=DVDD Pin=U2-AA13
Added Pin To Net: NetName=VSS Pin=U2-AA14
Added Pin To Net: NetName=VSS Pin=U2-AA15
Added Pin To Net: NetName=DVDD Pin=U2-AA16
Added Pin To Net: NetName=DVDD Pin=U2-AA17
Added Pin To Net: NetName=VSS Pin=U2-AA18
Added Pin To Net: NetName=VSS Pin=U2-AA19
Added Pin To Net: NetName=VSS Pin=U2-AA20
Added Pin To Net: NetName=VSS Pin=U2-AA21
Added Pin To Net: NetName=VSS Pin=U2-AA22
Added Pin To Net: NetName=VSS Pin=U2-AA23
Added Pin To Net: NetName=VSS Pin=U2-AA24
Added Pin To Net: NetName=VSS Pin=U2-AA25
Added Pin To Net: NetName=CLK_DIG_OVERRIDE_N Pin=U2-AA26
Added Pin To Net: NetName=VSS Pin=U2-AB1
Added Pin To Net: NetName=VDD_IO Pin=U2-AB2
Added Pin To Net: NetName=VDD_IO Pin=U2-AB3
Added Pin To Net: NetName=VSS Pin=U2-AB4
Added Pin To Net: NetName=VSS Pin=U2-AB5
Added Pin To Net: NetName=VSS Pin=U2-AB6
Added Pin To Net: NetName=VSS Pin=U2-AB7
Added Pin To Net: NetName=VSS Pin=U2-AB8
Added Pin To Net: NetName=VSS Pin=U2-AB9
Added Pin To Net: NetName=VSS Pin=U2-AB10
Added Pin To Net: NetName=VSS Pin=U2-AB11
Added Pin To Net: NetName=VSS Pin=U2-AB12
Added Pin To Net: NetName=VSS Pin=U2-AB13
Added Pin To Net: NetName=VSS Pin=U2-AB14
Added Pin To Net: NetName=VSS Pin=U2-AB15
Added Pin To Net: NetName=VSS Pin=U2-AB16
Added Pin To Net: NetName=VSS Pin=U2-AB17
Added Pin To Net: NetName=VSS Pin=U2-AB18
Added Pin To Net: NetName=VSS Pin=U2-AB19
Added Pin To Net: NetName=VSS Pin=U2-AB20
Added Pin To Net: NetName=VSS Pin=U2-AB21
Added Pin To Net: NetName=VSS Pin=U2-AB22
Added Pin To Net: NetName=VSS Pin=U2-AB23
Added Pin To Net: NetName=VDD_IO Pin=U2-AB24
Added Pin To Net: NetName=VDD_IO Pin=U2-AB25
Added Pin To Net: NetName=VSS Pin=U2-AB26
Added Pin To Net: NetName=ANT_1_P Pin=U2-AC1
Added Pin To Net: NetName=VDD_IO Pin=U2-AC2
Added Pin To Net: NetName=VDD_IO Pin=U2-AC3
Added Pin To Net: NetName=VSS Pin=U2-AC4
Added Pin To Net: NetName=VSS Pin=U2-AC5
Added Pin To Net: NetName=VSS Pin=U2-AC6
Added Pin To Net: NetName=VSS Pin=U2-AC7
Added Pin To Net: NetName=VSS Pin=U2-AC8
Added Pin To Net: NetName=VSS Pin=U2-AC9
Added Pin To Net: NetName=VSS Pin=U2-AC11
Added Pin To Net: NetName=VSS Pin=U2-AC12
Added Pin To Net: NetName=VSS Pin=U2-AC14
Added Pin To Net: NetName=VSS Pin=U2-AC15
Added Pin To Net: NetName=VSS Pin=U2-AC17
Added Pin To Net: NetName=VSS Pin=U2-AC18
Added Pin To Net: NetName=VSS Pin=U2-AC20
Added Pin To Net: NetName=VSS Pin=U2-AC21
Added Pin To Net: NetName=VSS Pin=U2-AC22
Added Pin To Net: NetName=VSS Pin=U2-AC23
Added Pin To Net: NetName=VDD_IO Pin=U2-AC24
Added Pin To Net: NetName=VDD_IO Pin=U2-AC25
Added Pin To Net: NetName=ANT_2_P Pin=U2-AC26
Added Pin To Net: NetName=ANT_1_N Pin=U2-AD1
Added Pin To Net: NetName=VDD_IO Pin=U2-AD2
Added Pin To Net: NetName=VDD_IO Pin=U2-AD3
Added Pin To Net: NetName=VSS Pin=U2-AD4
Added Pin To Net: NetName=VSS Pin=U2-AD5
Added Pin To Net: NetName=VSS Pin=U2-AD6
Added Pin To Net: NetName=VSS Pin=U2-AD7
Added Pin To Net: NetName=VSS Pin=U2-AD20
Added Pin To Net: NetName=VSS Pin=U2-AD21
Added Pin To Net: NetName=VSS Pin=U2-AD22
Added Pin To Net: NetName=VSS Pin=U2-AD23
Added Pin To Net: NetName=VDD_IO Pin=U2-AD24
Added Pin To Net: NetName=VDD_IO Pin=U2-AD25
Added Pin To Net: NetName=ANT_2_N Pin=U2-AD26
Added Pin To Net: NetName=VSS Pin=U2-AE1
Added Pin To Net: NetName=VDD_IO Pin=U2-AE2
Added Pin To Net: NetName=VDD_IO Pin=U2-AE3
Added Pin To Net: NetName=VSS Pin=U2-AE4
Added Pin To Net: NetName=VSS Pin=U2-AE5
Added Pin To Net: NetName=VSS Pin=U2-AE6
Added Pin To Net: NetName=VSS Pin=U2-AE7
Added Pin To Net: NetName=VSS Pin=U2-AE20
Added Pin To Net: NetName=VSS Pin=U2-AE21
Added Pin To Net: NetName=VSS Pin=U2-AE22
Added Pin To Net: NetName=VSS Pin=U2-AE23
Added Pin To Net: NetName=VDD_IO Pin=U2-AE24
Added Pin To Net: NetName=VDD_IO Pin=U2-AE25
Added Pin To Net: NetName=VSS Pin=U2-AE26
Added Pin To Net: NetName=VSS Pin=U2-AF2
Added Pin To Net: NetName=VSS Pin=U2-AF3
Added Pin To Net: NetName=VSS Pin=U2-AF4
Added Pin To Net: NetName=VSS Pin=U2-AF5
Added Pin To Net: NetName=VSS Pin=U2-AF6
Added Pin To Net: NetName=VSS Pin=U2-AF7
Added Pin To Net: NetName=VSS Pin=U2-AF10
Added Pin To Net: NetName=VSS Pin=U2-AF13
Added Pin To Net: NetName=VSS Pin=U2-AF16
Added Pin To Net: NetName=VSS Pin=U2-AF19
Added Pin To Net: NetName=VSS Pin=U2-AF22
Added Pin To Net: NetName=VSS Pin=U2-AF25
Added Pin To Net: NetName=VSS Pin=U2-B1
Added Pin To Net: NetName=VDD_IO Pin=U2-B3
Added Pin To Net: NetName=VSS Pin=U2-B4
Added Pin To Net: NetName=VSS Pin=U2-B5
Added Pin To Net: NetName=VSS Pin=U2-B6
Added Pin To Net: NetName=VSS Pin=U2-B7
Added Pin To Net: NetName=VSS Pin=U2-B20
Added Pin To Net: NetName=VSS Pin=U2-B21
Added Pin To Net: NetName=DVDD Pin=U2-B22
Added Pin To Net: NetName=DVDD Pin=U2-B23
Added Pin To Net: NetName=VDD_IO Pin=U2-B24
Added Pin To Net: NetName=VDD_IO Pin=U2-B25
Added Pin To Net: NetName=VSS Pin=U2-B26
Added Pin To Net: NetName=ANT_0_P Pin=U2-C1
Added Pin To Net: NetName=VDD_IO Pin=U2-C2
Added Pin To Net: NetName=VDD_IO Pin=U2-C3
Added Pin To Net: NetName=VSS Pin=U2-C4
Added Pin To Net: NetName=VSS Pin=U2-C5
Added Pin To Net: NetName=VSS Pin=U2-C6
Added Pin To Net: NetName=VSS Pin=U2-C7
Added Pin To Net: NetName=VSS Pin=U2-C20
Added Pin To Net: NetName=VSS Pin=U2-C21
Added Pin To Net: NetName=DVDD Pin=U2-C22
Added Pin To Net: NetName=DVDD Pin=U2-C23
Added Pin To Net: NetName=VDD_IO Pin=U2-C24
Added Pin To Net: NetName=VDD_IO Pin=U2-C25
Added Pin To Net: NetName=ANT_3_P Pin=U2-C26
Added Pin To Net: NetName=ANT_0_N Pin=U2-D1
Added Pin To Net: NetName=VDD_IO Pin=U2-D2
Added Pin To Net: NetName=VDD_IO Pin=U2-D3
Added Pin To Net: NetName=VSS Pin=U2-D4
Added Pin To Net: NetName=VSS Pin=U2-D5
Added Pin To Net: NetName=VSS Pin=U2-D6
Added Pin To Net: NetName=VSS Pin=U2-D7
Added Pin To Net: NetName=VSS Pin=U2-D8
Added Pin To Net: NetName=VSS Pin=U2-D9
Added Pin To Net: NetName=VSS Pin=U2-D11
Added Pin To Net: NetName=VSS Pin=U2-D12
Added Pin To Net: NetName=VSS Pin=U2-D14
Added Pin To Net: NetName=VSS Pin=U2-D15
Added Pin To Net: NetName=VSS Pin=U2-D17
Added Pin To Net: NetName=VSS Pin=U2-D18
Added Pin To Net: NetName=VSS Pin=U2-D20
Added Pin To Net: NetName=VSS Pin=U2-D21
Added Pin To Net: NetName=DVDD Pin=U2-D22
Added Pin To Net: NetName=DVDD Pin=U2-D23
Added Pin To Net: NetName=VDD_IO Pin=U2-D24
Added Pin To Net: NetName=VDD_IO Pin=U2-D25
Added Pin To Net: NetName=ANT_3_N Pin=U2-D26
Added Pin To Net: NetName=VSS Pin=U2-E1
Added Pin To Net: NetName=VDD_IO Pin=U2-E2
Added Pin To Net: NetName=VDD_IO Pin=U2-E3
Added Pin To Net: NetName=VSS Pin=U2-E4
Added Pin To Net: NetName=VSS Pin=U2-E5
Added Pin To Net: NetName=VSS Pin=U2-E6
Added Pin To Net: NetName=VSS Pin=U2-E7
Added Pin To Net: NetName=VSS Pin=U2-E8
Added Pin To Net: NetName=VSS Pin=U2-E9
Added Pin To Net: NetName=VSS Pin=U2-E10
Added Pin To Net: NetName=VSS Pin=U2-E11
Added Pin To Net: NetName=VSS Pin=U2-E12
Added Pin To Net: NetName=VSS Pin=U2-E13
Added Pin To Net: NetName=VSS Pin=U2-E14
Added Pin To Net: NetName=VSS Pin=U2-E15
Added Pin To Net: NetName=VSS Pin=U2-E16
Added Pin To Net: NetName=VSS Pin=U2-E17
Added Pin To Net: NetName=VSS Pin=U2-E18
Added Pin To Net: NetName=VSS Pin=U2-E19
Added Pin To Net: NetName=VSS Pin=U2-E20
Added Pin To Net: NetName=VSS Pin=U2-E21
Added Pin To Net: NetName=DVDD Pin=U2-E22
Added Pin To Net: NetName=DVDD Pin=U2-E23
Added Pin To Net: NetName=VDD_IO Pin=U2-E24
Added Pin To Net: NetName=VDD_IO Pin=U2-E25
Added Pin To Net: NetName=VSS Pin=U2-E26
Added Pin To Net: NetName=VSS Pin=U2-F1
Added Pin To Net: NetName=DVDD Pin=U2-F2
Added Pin To Net: NetName=DVDD Pin=U2-F3
Added Pin To Net: NetName=VSS Pin=U2-F4
Added Pin To Net: NetName=VSS Pin=U2-F5
Added Pin To Net: NetName=VSS Pin=U2-F6
Added Pin To Net: NetName=VSS Pin=U2-F7
Added Pin To Net: NetName=VSS Pin=U2-F8
Added Pin To Net: NetName=VSS Pin=U2-F9
Added Pin To Net: NetName=VSS Pin=U2-F10
Added Pin To Net: NetName=VSS Pin=U2-F11
Added Pin To Net: NetName=VSS Pin=U2-F12
Added Pin To Net: NetName=VSS Pin=U2-F13
Added Pin To Net: NetName=DVDD Pin=U2-F14
Added Pin To Net: NetName=DVDD Pin=U2-F15
Added Pin To Net: NetName=VSS Pin=U2-F16
Added Pin To Net: NetName=VSS Pin=U2-F17
Added Pin To Net: NetName=VSS Pin=U2-F18
Added Pin To Net: NetName=VSS Pin=U2-F19
Added Pin To Net: NetName=VSS Pin=U2-F20
Added Pin To Net: NetName=VSS Pin=U2-F21
Added Pin To Net: NetName=VSS Pin=U2-F22
Added Pin To Net: NetName=VSS Pin=U2-F23
Added Pin To Net: NetName=VSS Pin=U2-F24
Added Pin To Net: NetName=VSS Pin=U2-F25
Added Pin To Net: NetName=VSS Pin=U2-F26
Added Pin To Net: NetName=LO_OVERRIDE_P Pin=U2-G1
Added Pin To Net: NetName=DVDD Pin=U2-G2
Added Pin To Net: NetName=DVDD Pin=U2-G3
Added Pin To Net: NetName=VSS Pin=U2-G4
Added Pin To Net: NetName=VSS Pin=U2-G5
Added Pin To Net: NetName=VSS Pin=U2-G6
Added Pin To Net: NetName=VSS Pin=U2-G7
Added Pin To Net: NetName=VSS Pin=U2-G8
Added Pin To Net: NetName=VSS Pin=U2-G9
Added Pin To Net: NetName=VSS Pin=U2-G10
Added Pin To Net: NetName=VSS Pin=U2-G11
Added Pin To Net: NetName=VSS Pin=U2-G12
Added Pin To Net: NetName=VSS Pin=U2-G13
Added Pin To Net: NetName=DVDD Pin=U2-G14
Added Pin To Net: NetName=DVDD Pin=U2-G15
Added Pin To Net: NetName=VSS Pin=U2-G16
Added Pin To Net: NetName=VSS Pin=U2-G17
Added Pin To Net: NetName=VSS Pin=U2-G18
Added Pin To Net: NetName=VSS Pin=U2-G19
Added Pin To Net: NetName=VSS Pin=U2-G20
Added Pin To Net: NetName=VSS Pin=U2-G21
Added Pin To Net: NetName=VSS Pin=U2-G22
Added Pin To Net: NetName=VSS Pin=U2-G23
Added Pin To Net: NetName=VSS Pin=U2-G24
Added Pin To Net: NetName=VSS Pin=U2-G25
Added Pin To Net: NetName=ANA_MUX_P Pin=U2-G26
Added Pin To Net: NetName=LO_OVERRIDE_N Pin=U2-H1
Added Pin To Net: NetName=DVDD Pin=U2-H2
Added Pin To Net: NetName=DVDD Pin=U2-H3
Added Pin To Net: NetName=VSS Pin=U2-H4
Added Pin To Net: NetName=VSS Pin=U2-H5
Added Pin To Net: NetName=VSS Pin=U2-H6
Added Pin To Net: NetName=VSS Pin=U2-H7
Added Pin To Net: NetName=DVDD Pin=U2-H8
Added Pin To Net: NetName=DVDD Pin=U2-H9
Added Pin To Net: NetName=VSS Pin=U2-H10
Added Pin To Net: NetName=VSS Pin=U2-H11
Added Pin To Net: NetName=VSS Pin=U2-H12
Added Pin To Net: NetName=VSS Pin=U2-H13
Added Pin To Net: NetName=DVDD Pin=U2-H14
Added Pin To Net: NetName=DVDD Pin=U2-H15
Added Pin To Net: NetName=VSS Pin=U2-H16
Added Pin To Net: NetName=VSS Pin=U2-H17
Added Pin To Net: NetName=VSS Pin=U2-H18
Added Pin To Net: NetName=VSS Pin=U2-H19
Added Pin To Net: NetName=DVDD Pin=U2-H20
Added Pin To Net: NetName=DVDD Pin=U2-H21
Added Pin To Net: NetName=VSS Pin=U2-H22
Added Pin To Net: NetName=VSS Pin=U2-H23
Added Pin To Net: NetName=VSS Pin=U2-H24
Added Pin To Net: NetName=VSS Pin=U2-H25
Added Pin To Net: NetName=ANA_MUX_N Pin=U2-H26
Added Pin To Net: NetName=VSS Pin=U2-J1
Added Pin To Net: NetName=DVDD Pin=U2-J2
Added Pin To Net: NetName=DVDD Pin=U2-J3
Added Pin To Net: NetName=VSS Pin=U2-J4
Added Pin To Net: NetName=VSS Pin=U2-J5
Added Pin To Net: NetName=VSS Pin=U2-J6
Added Pin To Net: NetName=VSS Pin=U2-J7
Added Pin To Net: NetName=DVDD Pin=U2-J8
Added Pin To Net: NetName=DVDD Pin=U2-J9
Added Pin To Net: NetName=VSS Pin=U2-J10
Added Pin To Net: NetName=VSS Pin=U2-J11
Added Pin To Net: NetName=VSS Pin=U2-J12
Added Pin To Net: NetName=VSS Pin=U2-J13
Added Pin To Net: NetName=DVDD Pin=U2-J14
Added Pin To Net: NetName=DVDD Pin=U2-J15
Added Pin To Net: NetName=VSS Pin=U2-J16
Added Pin To Net: NetName=VSS Pin=U2-J17
Added Pin To Net: NetName=VSS Pin=U2-J18
Added Pin To Net: NetName=VSS Pin=U2-J19
Added Pin To Net: NetName=DVDD Pin=U2-J20
Added Pin To Net: NetName=DVDD Pin=U2-J21
Added Pin To Net: NetName=VSS Pin=U2-J22
Added Pin To Net: NetName=VSS Pin=U2-J23
Added Pin To Net: NetName=VSS Pin=U2-J24
Added Pin To Net: NetName=VSS Pin=U2-J25
Added Pin To Net: NetName=VSS Pin=U2-J26
Added Pin To Net: NetName=RESET Pin=U2-K1
Added Pin To Net: NetName=VSS Pin=U2-K2
Added Pin To Net: NetName=VSS Pin=U2-K3
Added Pin To Net: NetName=VSS Pin=U2-K4
Added Pin To Net: NetName=VSS Pin=U2-K5
Added Pin To Net: NetName=DVDD Pin=U2-K6
Added Pin To Net: NetName=DVDD Pin=U2-K7
Added Pin To Net: NetName=DVDD Pin=U2-K8
Added Pin To Net: NetName=DVDD Pin=U2-K9
Added Pin To Net: NetName=VDDA Pin=U2-K10
Added Pin To Net: NetName=VDDA Pin=U2-K11
Added Pin To Net: NetName=VSS Pin=U2-K12
Added Pin To Net: NetName=VSS Pin=U2-K13
Added Pin To Net: NetName=VDDA Pin=U2-K14
Added Pin To Net: NetName=VDDA Pin=U2-K15
Added Pin To Net: NetName=VSS Pin=U2-K16
Added Pin To Net: NetName=VSS Pin=U2-K17
Added Pin To Net: NetName=DVDD Pin=U2-K18
Added Pin To Net: NetName=DVDD Pin=U2-K19
Added Pin To Net: NetName=DVDD Pin=U2-K20
Added Pin To Net: NetName=DVDD Pin=U2-K21
Added Pin To Net: NetName=VSS Pin=U2-K22
Added Pin To Net: NetName=VSS Pin=U2-K23
Added Pin To Net: NetName=VSS Pin=U2-K24
Added Pin To Net: NetName=VSS Pin=U2-K25
Added Pin To Net: NetName=VSS Pin=U2-K26
Added Pin To Net: NetName=VSS Pin=U2-L2
Added Pin To Net: NetName=VSS Pin=U2-L3
Added Pin To Net: NetName=VSS Pin=U2-L4
Added Pin To Net: NetName=VSS Pin=U2-L5
Added Pin To Net: NetName=DVDD Pin=U2-L6
Added Pin To Net: NetName=DVDD Pin=U2-L7
Added Pin To Net: NetName=DVDD Pin=U2-L8
Added Pin To Net: NetName=DVDD Pin=U2-L9
Added Pin To Net: NetName=VDDA Pin=U2-L10
Added Pin To Net: NetName=VDDA Pin=U2-L11
Added Pin To Net: NetName=VSS Pin=U2-L12
Added Pin To Net: NetName=VSS Pin=U2-L13
Added Pin To Net: NetName=VDDA Pin=U2-L14
Added Pin To Net: NetName=VDDA Pin=U2-L15
Added Pin To Net: NetName=VSS Pin=U2-L16
Added Pin To Net: NetName=VSS Pin=U2-L17
Added Pin To Net: NetName=DVDD Pin=U2-L18
Added Pin To Net: NetName=DVDD Pin=U2-L19
Added Pin To Net: NetName=DVDD Pin=U2-L20
Added Pin To Net: NetName=DVDD Pin=U2-L21
Added Pin To Net: NetName=VSS Pin=U2-L22
Added Pin To Net: NetName=VSS Pin=U2-L23
Added Pin To Net: NetName=VSS Pin=U2-L24
Added Pin To Net: NetName=VSS Pin=U2-L25
Added Pin To Net: NetName=VSS Pin=U2-M1
Added Pin To Net: NetName=VSS Pin=U2-M2
Added Pin To Net: NetName=VSS Pin=U2-M3
Added Pin To Net: NetName=VSS Pin=U2-M4
Added Pin To Net: NetName=VSS Pin=U2-M5
Added Pin To Net: NetName=DVDD Pin=U2-M6
Added Pin To Net: NetName=DVDD Pin=U2-M7
Added Pin To Net: NetName=VSS Pin=U2-M8
Added Pin To Net: NetName=VSS Pin=U2-M9
Added Pin To Net: NetName=VDDA Pin=U2-M10
Added Pin To Net: NetName=VDDA Pin=U2-M11
Added Pin To Net: NetName=VSS Pin=U2-M12
Added Pin To Net: NetName=VSS Pin=U2-M13
Added Pin To Net: NetName=VDDA Pin=U2-M14
Added Pin To Net: NetName=VDDA Pin=U2-M15
Added Pin To Net: NetName=VSS Pin=U2-M16
Added Pin To Net: NetName=VSS Pin=U2-M17
Added Pin To Net: NetName=DVDD Pin=U2-M18
Added Pin To Net: NetName=DVDD Pin=U2-M19
Added Pin To Net: NetName=VSS Pin=U2-M20
Added Pin To Net: NetName=VSS Pin=U2-M21
Added Pin To Net: NetName=VSS Pin=U2-M22
Added Pin To Net: NetName=VSS Pin=U2-M23
Added Pin To Net: NetName=VSS Pin=U2-M24
Added Pin To Net: NetName=VSS Pin=U2-M25
Added Pin To Net: NetName=VSS Pin=U2-M26
Added Pin To Net: NetName=VSS Pin=U2-N2
Added Pin To Net: NetName=VSS Pin=U2-N3
Added Pin To Net: NetName=VSS Pin=U2-N4
Added Pin To Net: NetName=VSS Pin=U2-N5
Added Pin To Net: NetName=DVDD Pin=U2-N6
Added Pin To Net: NetName=DVDD Pin=U2-N7
Added Pin To Net: NetName=VSS Pin=U2-N8
Added Pin To Net: NetName=VSS Pin=U2-N9
Added Pin To Net: NetName=VDDA Pin=U2-N10
Added Pin To Net: NetName=VDDA Pin=U2-N11
Added Pin To Net: NetName=VSS Pin=U2-N12
Added Pin To Net: NetName=VSS Pin=U2-N13
Added Pin To Net: NetName=VDDA Pin=U2-N14
Added Pin To Net: NetName=VDDA Pin=U2-N15
Added Pin To Net: NetName=VSS Pin=U2-N16
Added Pin To Net: NetName=VSS Pin=U2-N17
Added Pin To Net: NetName=DVDD Pin=U2-N18
Added Pin To Net: NetName=DVDD Pin=U2-N19
Added Pin To Net: NetName=VSS Pin=U2-N20
Added Pin To Net: NetName=VSS Pin=U2-N21
Added Pin To Net: NetName=VSS Pin=U2-N22
Added Pin To Net: NetName=VSS Pin=U2-N23
Added Pin To Net: NetName=VSS Pin=U2-N24
Added Pin To Net: NetName=VSS Pin=U2-N25
Added Pin To Net: NetName=VSS Pin=U2-P8
Added Pin To Net: NetName=VSS Pin=U2-P9
Added Pin To Net: NetName=VSS Pin=U2-P10
Added Pin To Net: NetName=VSS Pin=U2-P11
Added Pin To Net: NetName=VDDA Pin=U2-P12
Added Pin To Net: NetName=VDDA Pin=U2-P13
Added Pin To Net: NetName=VDDA Pin=U2-P14
Added Pin To Net: NetName=VDDA Pin=U2-P15
Added Pin To Net: NetName=VSS Pin=U2-P16
Added Pin To Net: NetName=VSS Pin=U2-P17
Added Pin To Net: NetName=DVDD Pin=U2-P18
Added Pin To Net: NetName=DVDD Pin=U2-P19
Added Pin To Net: NetName=VSS Pin=U2-P21
Added Pin To Net: NetName=VSS Pin=U2-P22
Added Pin To Net: NetName=VSS Pin=U2-P24
Added Pin To Net: NetName=VSS Pin=U2-P25
Added Pin To Net: NetName=VSS Pin=U2-R1
Added Pin To Net: NetName=VSS Pin=U2-R8
Added Pin To Net: NetName=VSS Pin=U2-R9
Added Pin To Net: NetName=VSS Pin=U2-R10
Added Pin To Net: NetName=VSS Pin=U2-R11
Added Pin To Net: NetName=VDDA Pin=U2-R12
Added Pin To Net: NetName=VDDA Pin=U2-R13
Added Pin To Net: NetName=VDDA Pin=U2-R14
Added Pin To Net: NetName=VDDA Pin=U2-R15
Added Pin To Net: NetName=VSS Pin=U2-R16
Added Pin To Net: NetName=VSS Pin=U2-R17
Added Pin To Net: NetName=DVDD Pin=U2-R18
Added Pin To Net: NetName=DVDD Pin=U2-R19
Added Pin To Net: NetName=VSS Pin=U2-R26
Added Pin To Net: NetName=VSS Pin=U2-T2
Added Pin To Net: NetName=VSS Pin=U2-T3
Added Pin To Net: NetName=VSS Pin=U2-T5
Added Pin To Net: NetName=VSS Pin=U2-T6
Added Pin To Net: NetName=DVDD Pin=U2-T8
Added Pin To Net: NetName=DVDD Pin=U2-T9
Added Pin To Net: NetName=VSS Pin=U2-T10
Added Pin To Net: NetName=VSS Pin=U2-T11
Added Pin To Net: NetName=VDDA Pin=U2-T12
Added Pin To Net: NetName=VDDA Pin=U2-T13
Added Pin To Net: NetName=VDDA Pin=U2-T14
Added Pin To Net: NetName=VDDA Pin=U2-T15
Added Pin To Net: NetName=VSS Pin=U2-T16
Added Pin To Net: NetName=VSS Pin=U2-T17
Added Pin To Net: NetName=DVDD Pin=U2-T18
Added Pin To Net: NetName=DVDD Pin=U2-T19
Added Pin To Net: NetName=VSS Pin=U2-U2
Added Pin To Net: NetName=VSS Pin=U2-U3
Added Pin To Net: NetName=VSS Pin=U2-U4
Added Pin To Net: NetName=VSS Pin=U2-U5
Added Pin To Net: NetName=VSS Pin=U2-U6
Added Pin To Net: NetName=VSS Pin=U2-U7
Added Pin To Net: NetName=DVDD Pin=U2-U8
Added Pin To Net: NetName=DVDD Pin=U2-U9
Added Pin To Net: NetName=VSS Pin=U2-U10
Added Pin To Net: NetName=VSS Pin=U2-U11
Added Pin To Net: NetName=VDDA Pin=U2-U12
Added Pin To Net: NetName=VDDA Pin=U2-U13
Added Pin To Net: NetName=VDDA Pin=U2-U14
Added Pin To Net: NetName=VDDA Pin=U2-U15
Added Pin To Net: NetName=VSS Pin=U2-U16
Added Pin To Net: NetName=VSS Pin=U2-U17
Added Pin To Net: NetName=DVDD Pin=U2-U18
Added Pin To Net: NetName=DVDD Pin=U2-U19
Added Pin To Net: NetName=DVDD Pin=U2-U20
Added Pin To Net: NetName=DVDD Pin=U2-U21
Added Pin To Net: NetName=VSS Pin=U2-U22
Added Pin To Net: NetName=VSS Pin=U2-U23
Added Pin To Net: NetName=VSS Pin=U2-U24
Added Pin To Net: NetName=VSS Pin=U2-U25
Added Pin To Net: NetName=VSS Pin=U2-V1
Added Pin To Net: NetName=VSS Pin=U2-V2
Added Pin To Net: NetName=VSS Pin=U2-V3
Added Pin To Net: NetName=VSS Pin=U2-V4
Added Pin To Net: NetName=VSS Pin=U2-V5
Added Pin To Net: NetName=VSS Pin=U2-V6
Added Pin To Net: NetName=VSS Pin=U2-V7
Added Pin To Net: NetName=DVDD Pin=U2-V8
Added Pin To Net: NetName=DVDD Pin=U2-V9
Added Pin To Net: NetName=VSS Pin=U2-V10
Added Pin To Net: NetName=VSS Pin=U2-V11
Added Pin To Net: NetName=DVDD Pin=U2-V12
Added Pin To Net: NetName=DVDD Pin=U2-V13
Added Pin To Net: NetName=VSS Pin=U2-V14
Added Pin To Net: NetName=VSS Pin=U2-V15
Added Pin To Net: NetName=DVDD Pin=U2-V16
Added Pin To Net: NetName=DVDD Pin=U2-V17
Added Pin To Net: NetName=VSS Pin=U2-V18
Added Pin To Net: NetName=VSS Pin=U2-V19
Added Pin To Net: NetName=DVDD Pin=U2-V20
Added Pin To Net: NetName=DVDD Pin=U2-V21
Added Pin To Net: NetName=VSS Pin=U2-V22
Added Pin To Net: NetName=VSS Pin=U2-V23
Added Pin To Net: NetName=VSS Pin=U2-V24
Added Pin To Net: NetName=VSS Pin=U2-V25
Added Pin To Net: NetName=VSS Pin=U2-V26
Added Pin To Net: NetName=VSS Pin=U2-W1
Added Pin To Net: NetName=VSS Pin=U2-W2
Added Pin To Net: NetName=VSS Pin=U2-W3
Added Pin To Net: NetName=VSS Pin=U2-W4
Added Pin To Net: NetName=VSS Pin=U2-W5
Added Pin To Net: NetName=VSS Pin=U2-W6
Added Pin To Net: NetName=VSS Pin=U2-W7
Added Pin To Net: NetName=DVDD Pin=U2-W8
Added Pin To Net: NetName=DVDD Pin=U2-W9
Added Pin To Net: NetName=VSS Pin=U2-W10
Added Pin To Net: NetName=VSS Pin=U2-W11
Added Pin To Net: NetName=DVDD Pin=U2-W12
Added Pin To Net: NetName=DVDD Pin=U2-W13
Added Pin To Net: NetName=VSS Pin=U2-W14
Added Pin To Net: NetName=VSS Pin=U2-W15
Added Pin To Net: NetName=DVDD Pin=U2-W16
Added Pin To Net: NetName=DVDD Pin=U2-W17
Added Pin To Net: NetName=VSS Pin=U2-W18
Added Pin To Net: NetName=VSS Pin=U2-W19
Added Pin To Net: NetName=DVDD Pin=U2-W20
Added Pin To Net: NetName=DVDD Pin=U2-W21
Added Pin To Net: NetName=VSS Pin=U2-W22
Added Pin To Net: NetName=VSS Pin=U2-W23
Added Pin To Net: NetName=VSS Pin=U2-W24
Added Pin To Net: NetName=VSS Pin=U2-W25
Added Pin To Net: NetName=VSS Pin=U2-W26
Added Pin To Net: NetName=VSS Pin=U2-Y2
Added Pin To Net: NetName=VSS Pin=U2-Y3
Added Pin To Net: NetName=VSS Pin=U2-Y4
Added Pin To Net: NetName=VSS Pin=U2-Y5
Added Pin To Net: NetName=VSS Pin=U2-Y6
Added Pin To Net: NetName=VSS Pin=U2-Y7
Added Pin To Net: NetName=VSS Pin=U2-Y8
Added Pin To Net: NetName=VSS Pin=U2-Y9
Added Pin To Net: NetName=VSS Pin=U2-Y10
Added Pin To Net: NetName=VSS Pin=U2-Y11
Added Pin To Net: NetName=DVDD Pin=U2-Y12
Added Pin To Net: NetName=DVDD Pin=U2-Y13
Added Pin To Net: NetName=VSS Pin=U2-Y14
Added Pin To Net: NetName=VSS Pin=U2-Y15
Added Pin To Net: NetName=DVDD Pin=U2-Y16
Added Pin To Net: NetName=DVDD Pin=U2-Y17
Added Pin To Net: NetName=VSS Pin=U2-Y18
Added Pin To Net: NetName=VSS Pin=U2-Y19
Added Pin To Net: NetName=VSS Pin=U2-Y20
Added Pin To Net: NetName=VSS Pin=U2-Y21
Added Pin To Net: NetName=VSS Pin=U2-Y22
Added Pin To Net: NetName=VSS Pin=U2-Y23
Added Pin To Net: NetName=VSS Pin=U2-Y24
Added Pin To Net: NetName=VSS Pin=U2-Y25
Added Pin To Net: NetName=CLK_DIG_OVERRIDE_P Pin=U2-Y26
Added Member To Class: ClassName=U_Fader2 Member=Component U2 
Added Member To Class: ClassName=U_Supplies_Pots Member=Component U2 AD5254
