Change component parameters: Designator = "C2"; Footprint = "0402"; UniqueID = "\ASGAKNBX\EAMIWGDH\WJPBXWMR"
Change component parameters. Clean all parameters for all variants
Change component parameters (AddParameter): Name = "Digikey ID"; Value = "1276-1447-1-ND"; VariantName = "[No Variations]"
Change component parameters (AddParameter): Name = "Manufacturer"; Value = "Samsung Electro-Mechanics"; VariantName = "[No Variations]"
Change component parameters (AddParameter): Name = "Manufacturer ID"; Value = "CL05A105MO5NNNC"; VariantName = "[No Variations]"
Change component parameters (AddParameter): Name = "Package"; Value = "0402"; VariantName = "[No Variations]"
Change component parameters (AddParameter): Name = "Value"; Value = "1uF"; VariantName = "[No Variations]"
Change component parameters: Designator = "C23"; Footprint = "0402"; UniqueID = "\ASGAKNBX\EAMIWGDH\FOYKANRV"
Change component parameters. Clean all parameters for all variants
Change component parameters (AddParameter): Name = "Digikey ID"; Value = "1276-1447-1-ND"; VariantName = "[No Variations]"
Change component parameters (AddParameter): Name = "Manufacturer"; Value = "Samsung Electro-Mechanics"; VariantName = "[No Variations]"
Change component parameters (AddParameter): Name = "Manufacturer ID"; Value = "CL05A105MO5NNNC"; VariantName = "[No Variations]"
Change component parameters (AddParameter): Name = "Package"; Value = "0402"; VariantName = "[No Variations]"
Change component parameters (AddParameter): Name = "Value"; Value = "1uF"; VariantName = "[No Variations]"
Change component parameters: Designator = "C31"; Footprint = "0402"; UniqueID = "\ASGAKNBX\EAMIWGDH\QHESBAGX"
Change component parameters. Clean all parameters for all variants
Change component parameters (AddParameter): Name = "Digikey ID"; Value = "1276-1447-1-ND"; VariantName = "[No Variations]"
Change component parameters (AddParameter): Name = "Manufacturer"; Value = "Samsung Electro-Mechanics"; VariantName = "[No Variations]"
Change component parameters (AddParameter): Name = "Manufacturer ID"; Value = "CL05A105MO5NNNC"; VariantName = "[No Variations]"
Change component parameters (AddParameter): Name = "Package"; Value = "0402"; VariantName = "[No Variations]"
Change component parameters (AddParameter): Name = "Value"; Value = "1uF"; VariantName = "[No Variations]"
Change component parameters: Designator = "C33"; Footprint = "0402"; UniqueID = "\ASGAKNBX\EAMIWGDH\ONEEMONA"
Change component parameters. Clean all parameters for all variants
Change component parameters (AddParameter): Name = "Digikey ID"; Value = "1276-1447-1-ND"; VariantName = "[No Variations]"
Change component parameters (AddParameter): Name = "Manufacturer"; Value = "Samsung Electro-Mechanics"; VariantName = "[No Variations]"
Change component parameters (AddParameter): Name = "Manufacturer ID"; Value = "CL05A105MO5NNNC"; VariantName = "[No Variations]"
Change component parameters (AddParameter): Name = "Package"; Value = "0402"; VariantName = "[No Variations]"
Change component parameters (AddParameter): Name = "Value"; Value = "1uF"; VariantName = "[No Variations]"
Change component parameters: Designator = "C37"; Footprint = "0402"; UniqueID = "\ASGAKNBX\EAMIWGDH\UKATIPIB"
Change component parameters. Clean all parameters for all variants
Change component parameters (AddParameter): Name = "Digikey ID"; Value = "1276-1447-1-ND"; VariantName = "[No Variations]"
Change component parameters (AddParameter): Name = "Manufacturer"; Value = "Samsung Electro-Mechanics"; VariantName = "[No Variations]"
Change component parameters (AddParameter): Name = "Manufacturer ID"; Value = "CL05A105MO5NNNC"; VariantName = "[No Variations]"
Change component parameters (AddParameter): Name = "Package"; Value = "0402"; VariantName = "[No Variations]"
Change component parameters (AddParameter): Name = "Value"; Value = "1uF"; VariantName = "[No Variations]"
Change component parameters: Designator = "C38"; Footprint = "0402"; UniqueID = "\ASGAKNBX\EAMIWGDH\UMGJOQDX"
Change component parameters. Clean all parameters for all variants
Change component parameters (AddParameter): Name = "Digikey ID"; Value = "1276-1447-1-ND"; VariantName = "[No Variations]"
Change component parameters (AddParameter): Name = "Manufacturer"; Value = "Samsung Electro-Mechanics"; VariantName = "[No Variations]"
Change component parameters (AddParameter): Name = "Manufacturer ID"; Value = "CL05A105MO5NNNC"; VariantName = "[No Variations]"
Change component parameters (AddParameter): Name = "Package"; Value = "0402"; VariantName = "[No Variations]"
Change component parameters (AddParameter): Name = "Value"; Value = "1uF"; VariantName = "[No Variations]"
Change component parameters: Designator = "C40"; Footprint = "0402"; UniqueID = "\ASGAKNBX\EAMIWGDH\APWURHWF"
Change component parameters. Clean all parameters for all variants
Change component parameters (AddParameter): Name = "Digikey ID"; Value = "1276-1447-1-ND"; VariantName = "[No Variations]"
Change component parameters (AddParameter): Name = "Manufacturer"; Value = "Samsung Electro-Mechanics"; VariantName = "[No Variations]"
Change component parameters (AddParameter): Name = "Manufacturer ID"; Value = "CL05A105MO5NNNC"; VariantName = "[No Variations]"
Change component parameters (AddParameter): Name = "Package"; Value = "0402"; VariantName = "[No Variations]"
Change component parameters (AddParameter): Name = "Value"; Value = "1uF"; VariantName = "[No Variations]"
Change component parameters: Designator = "C90"; Footprint = "0402"; UniqueID = "\ASGAKNBX\EAMIWGDH\LDWEDAEH"
Change component parameters. Clean all parameters for all variants
Change component parameters (AddParameter): Name = "Digikey ID"; Value = "1276-1447-1-ND"; VariantName = "[No Variations]"
Change component parameters (AddParameter): Name = "Manufacturer"; Value = "Samsung Electro-Mechanics"; VariantName = "[No Variations]"
Change component parameters (AddParameter): Name = "Manufacturer ID"; Value = "CL05A105MO5NNNC"; VariantName = "[No Variations]"
Change component parameters (AddParameter): Name = "Package"; Value = "0402"; VariantName = "[No Variations]"
Change component parameters (AddParameter): Name = "Value"; Value = "1uF"; VariantName = "[No Variations]"
Change component parameters: Designator = "C92"; Footprint = "0402"; UniqueID = "\ASGAKNBX\EAMIWGDH\EQFSIRRM"
Change component parameters. Clean all parameters for all variants
Change component parameters (AddParameter): Name = "Digikey ID"; Value = "1276-1447-1-ND"; VariantName = "[No Variations]"
Change component parameters (AddParameter): Name = "Manufacturer"; Value = "Samsung Electro-Mechanics"; VariantName = "[No Variations]"
Change component parameters (AddParameter): Name = "Manufacturer ID"; Value = "CL05A105MO5NNNC"; VariantName = "[No Variations]"
Change component parameters (AddParameter): Name = "Package"; Value = "0402"; VariantName = "[No Variations]"
Change component parameters (AddParameter): Name = "Value"; Value = "1uF"; VariantName = "[No Variations]"
Change component parameters: Designator = "C95"; Footprint = "0402"; UniqueID = "\ASGAKNBX\EAMIWGDH\ROXUGWPD"
Change component parameters. Clean all parameters for all variants
Change component parameters (AddParameter): Name = "Digikey ID"; Value = "1276-1447-1-ND"; VariantName = "[No Variations]"
Change component parameters (AddParameter): Name = "Manufacturer"; Value = "Samsung Electro-Mechanics"; VariantName = "[No Variations]"
Change component parameters (AddParameter): Name = "Manufacturer ID"; Value = "CL05A105MO5NNNC"; VariantName = "[No Variations]"
Change component parameters (AddParameter): Name = "Package"; Value = "0402"; VariantName = "[No Variations]"
Change component parameters (AddParameter): Name = "Value"; Value = "1uF"; VariantName = "[No Variations]"
Change component parameters: Designator = "C104"; Footprint = "0402"; UniqueID = "\ASGAKNBX\EAMIWGDH\SOVPYKXL"
Change component parameters. Clean all parameters for all variants
Change component parameters (AddParameter): Name = "Digikey ID"; Value = "1276-1447-1-ND"; VariantName = "[No Variations]"
Change component parameters (AddParameter): Name = "Manufacturer"; Value = "Samsung Electro-Mechanics"; VariantName = "[No Variations]"
Change component parameters (AddParameter): Name = "Manufacturer ID"; Value = "CL05A105MO5NNNC"; VariantName = "[No Variations]"
Change component parameters (AddParameter): Name = "Package"; Value = "0402"; VariantName = "[No Variations]"
Change component parameters (AddParameter): Name = "Value"; Value = "1uF"; VariantName = "[No Variations]"
Change component parameters: Designator = "C114"; Footprint = "0402"; UniqueID = "\ASGAKNBX\EAMIWGDH\ASLWDBRG"
Change component parameters. Clean all parameters for all variants
Change component parameters (AddParameter): Name = "Digikey ID"; Value = "1276-1447-1-ND"; VariantName = "[No Variations]"
Change component parameters (AddParameter): Name = "Manufacturer"; Value = "Samsung Electro-Mechanics"; VariantName = "[No Variations]"
Change component parameters (AddParameter): Name = "Manufacturer ID"; Value = "CL05A105MO5NNNC"; VariantName = "[No Variations]"
Change component parameters (AddParameter): Name = "Package"; Value = "0402"; VariantName = "[No Variations]"
Change component parameters (AddParameter): Name = "Value"; Value = "1uF"; VariantName = "[No Variations]"
