Removed Pin From Net: NetName=DVDD_REG Pin=R3-2
Removed Pin From Net: NetName=VDD_LINK_REG Pin=R52-2
Removed Pin From Net: NetName=DVDD_FB Pin=U2-1
Removed Pin From Net: NetName=VDD_LINK_FB Pin=U2-6
Change Component Comment : Designator=R3 Old Comment=0ohm New Comment=930ohm
Change Component Comment : Designator=R40 Old Comment=1.5Kohm New Comment=2.67Kohm
Change Component Comment : Designator=R1 Old Comment=2.67Kohm New Comment=1.5Kohm
Change Component Comment : Designator=R52 Old Comment=930ohm New Comment=0ohm
Change component parameters: Designator = "R1"; Footprint = "0603"; UniqueID = "\ASGAKNBX\URCKYRBD\NBCLNFAC"
Change component parameters. Clean all parameters for all variants
Change component parameters (AddParameter): Name = "Digikey ID"; Value = "P1.5KDBCT-ND"; VariantName = "[No Variations]"
Change component parameters (AddParameter): Name = "Manufacturer"; Value = "Panasonic"; VariantName = "[No Variations]"
Change component parameters (AddParameter): Name = "Manufacturer ID"; Value = "ERA-3AEB152V"; VariantName = "[No Variations]"
Change component parameters (AddParameter): Name = "Package"; Value = "0603"; VariantName = "[No Variations]"
Change component parameters: Designator = "R40"; Footprint = "0603"; UniqueID = "\ASGAKNBX\URCKYRBD\QDKSGBQS"
Change component parameters. Clean all parameters for all variants
Change component parameters (AddParameter): Name = "Digikey ID"; Value = "P2.67KDBCT-ND"; VariantName = "[No Variations]"
Change component parameters (AddParameter): Name = "Manufacturer"; Value = "Panasonic"; VariantName = "[No Variations]"
Change component parameters (AddParameter): Name = "Manufacturer ID"; Value = "ERA-3AEB2671V"; VariantName = "[No Variations]"
Change component parameters (AddParameter): Name = "Package"; Value = "0603"; VariantName = "[No Variations]"
Change component parameters: Designator = "R3"; Footprint = "0603"; UniqueID = "\ASGAKNBX\URCKYRBD\IHRODKEW"
Change component parameters. Clean all parameters for all variants
Change component parameters (AddParameter): Name = "Digikey ID"; Value = "311-2391-1-ND"; VariantName = "[No Variations]"
Change component parameters (AddParameter): Name = "Manufacturer"; Value = "Yageo"; VariantName = "[No Variations]"
Change component parameters (AddParameter): Name = "Manufacturer ID"; Value = "RT0603DRD07931RL"; VariantName = "[No Variations]"
Change component parameters (AddParameter): Name = "Package"; Value = "0603"; VariantName = "[No Variations]"
Change component parameters: Designator = "R52"; Footprint = "0603"; UniqueID = "\ASGAKNBX\URCKYRBD\JHQLDVIO"
Change component parameters. Clean all parameters for all variants
Change component parameters (AddParameter): Name = "Digikey ID"; Value = "P0.0GCT-ND"; VariantName = "[No Variations]"
Change component parameters (AddParameter): Name = "Manufacturer"; Value = "Panasonic"; VariantName = "[No Variations]"
Change component parameters (AddParameter): Name = "Manufacturer ID"; Value = "ERJ-3GEY0R00V"; VariantName = "[No Variations]"
Change component parameters (AddParameter): Name = "Package"; Value = "0603"; VariantName = "[No Variations]"
Added Pin To Net: NetName=VDD_LINK_REG Pin=R3-2
Added Pin To Net: NetName=DVDD_REG Pin=R52-2
Added Pin To Net: NetName=VDD_LINK_FB Pin=U2-1
Added Pin To Net: NetName=DVDD_FB Pin=U2-6
