Change Component Designator: OldDesignator=SMA5 NewDesignator=SMA_ANT_1_P
Change Component Designator: OldDesignator=SMA6 NewDesignator=SMA_ANT_1_N
Change Component Designator: OldDesignator=SMA7 NewDesignator=SMA_ANA_N
Change Component Designator: OldDesignator=SMA8 NewDesignator=SMA_ANA_P
Change Component Designator: OldDesignator=SMA9 NewDesignator=SMA_ANT_3_P
Change Component Designator: OldDesignator=SMA10 NewDesignator=SMA_ANT_3_N
Change Component Designator: OldDesignator=SMA11 NewDesignator=SMA_LO_N
Change Component Designator: OldDesignator=SMA12 NewDesignator=SMA_DIG_CLK
Change Component Designator: OldDesignator=SMA13 NewDesignator=SMA_LO_P
Change Component Designator: OldDesignator=SMA14 NewDesignator=SMA_THRU_LINK0
Change Component Designator: OldDesignator=SMA15 NewDesignator=SMA_THRU_LINK1
Change Component Designator: OldDesignator=SMA16 NewDesignator=SMA_OPEN
Change Component Designator: OldDesignator=SMA17 NewDesignator=SMA_ANT_2_P
Change Component Designator: OldDesignator=SMA18 NewDesignator=SMA_ANT_2_N
Change Component Designator: OldDesignator=SMA20 NewDesignator=SMA_LINK_RX_P
Change Component Designator: OldDesignator=SMA21 NewDesignator=SMA_LINK_RX_N
Change Component Designator: OldDesignator=SMA22 NewDesignator=SMA_LINK_TX_P
Change Component Designator: OldDesignator=SMA23 NewDesignator=SMA_LINK_TX_N
Change Component Designator: OldDesignator=SMA24 NewDesignator=SMA_SHORT
Change Component Designator: OldDesignator=SMA25 NewDesignator=SMA_LOAD
Change Component Designator: OldDesignator=SMA26 NewDesignator=SMA_THRU_RF0
Change Component Designator: OldDesignator=SMA27 NewDesignator=SMA_THRU_RF1
