Change Component Designator: Old Designator=C1 New Designator=C42
Change Component Designator: Old Designator=C2 New Designator=C43
Change Component Designator: Old Designator=C5 New Designator=C46
Change Component Designator: Old Designator=C6 New Designator=C47
Change Component Designator: Old Designator=C19 New Designator=C52
Change Component Designator: Old Designator=C20 New Designator=C53
Change Component Designator: Old Designator=C21 New Designator=C54
Change Component Designator: Old Designator=C22 New Designator=C55
Change Component Designator: Old Designator=C23 New Designator=C56
Change Component Designator: Old Designator=C29 New Designator=C27
Change Component Designator: Old Designator=C31 New Designator=C28
Change Component Designator: Old Designator=C32 New Designator=C58
Change Component Designator: Old Designator=C33 New Designator=C59
Change Component Designator: Old Designator=C34 New Designator=C60
Change Component Designator: Old Designator=C35 New Designator=C61
Change Component Designator: Old Designator=C36 New Designator=C62
Change Component Designator: Old Designator=C37 New Designator=C33
Change Component Designator: Old Designator=C38 New Designator=C64
Change Component Designator: Old Designator=C39 New Designator=C65
Change Component Designator: Old Designator=C40 New Designator=C48
Change Component Designator: Old Designator=C43 New Designator=C34
Change Component Designator: Old Designator=C48 New Designator=C29
Change Component Designator: Old Designator=C49 New Designator=C30
Change Component Designator: Old Designator=C50 New Designator=C31
Change Component Designator: Old Designator=C51 New Designator=C32
Change Component Designator: Old Designator=C52 New Designator=C44
Change Component Designator: Old Designator=C53 New Designator=C45
Change Component Designator: Old Designator=C62 New Designator=C49
Change Component Designator: Old Designator=C86 New Designator=C36
Change Component Designator: Old Designator=C87 New Designator=C37
Change Component Designator: Old Designator=C88 New Designator=C38
Change Component Designator: Old Designator=C89 New Designator=C39
Change Component Designator: Old Designator=C90 New Designator=C35
Change Component Designator: Old Designator=C91 New Designator=C40
Change Component Designator: Old Designator=C92 New Designator=C41
Change Component Designator: Old Designator=C102 New Designator=C57
Change Component Designator: Old Designator=C103 New Designator=C63
Change Component Designator: Old Designator=C104 New Designator=C51
Change Component Designator: Old Designator=C105 New Designator=C50
Change Component Designator: Old Designator=FB3 New Designator=FB4
Change Component Designator: Old Designator=FB4 New Designator=FB5
Change Component Designator: Old Designator=FB5 New Designator=FB2
Change Component Designator: Old Designator=FB10 New Designator=FB3
Change Component Designator: Old Designator=H2 New Designator=H6
Change Component Designator: Old Designator=H3 New Designator=H4
Change Component Designator: Old Designator=H4 New Designator=H7
Change Component Designator: Old Designator=H6 New Designator=H8
Change Component Designator: Old Designator=R24 New Designator=R23
Change Component Designator: Old Designator=R38 New Designator=R24
Change Component Designator: Old Designator=R39 New Designator=R26
Change Component Designator: Old Designator=R41 New Designator=R25
Change Component Designator: Old Designator=U1 New Designator=U13
Change Component Designator: Old Designator=U3 New Designator=U14
Change Component Designator: Old Designator=U12 New Designator=U11
Change Component Designator: Old Designator=U16 New Designator=U15
Change Component Designator: Old Designator=U20 New Designator=U12
